[    1742ms] [WARNING] Specifying 'overflow: visible' on img, video and canvas tags may cause them to produce visual content outside of the element bounds. See https://github.com/WICG/view-transitions/blob/main/debugging_overflow_on_images.md for details. @ https://edition.cnn.com/:12912
[    2054ms] [LOG] AdFuelError event fired: CustomEvent @ https://edition.cnn.com/media/sites/js/bundles/cnn-edition-adfuel-body-1fce5e168fb1eed920bbf774431d749437de654c05f8f151917b9d00d0a7a702.min.js:0
[    3322ms] [ERROR] Failed to load resource: the server responded with a status of 451 () @ https://api.rlcdn.com/api/identity/envelope?pid=13452:0
[    3958ms] [LOG] Ad Slots:  {active: Array(1), adSlots: Array(1)} @ https://edition.cnn.com/media/sites/js/bundles/cnn-edition-adfuel-275d6f33a8b3e59631886f14a6ce5dda2ec37648bb4b63d7ab13f3449be68c3d.min.js:0
[    3960ms] [LOG] Ad Slots:  {active: Array(1), adSlots: Array(2)} @ https://edition.cnn.com/media/sites/js/bundles/cnn-edition-adfuel-275d6f33a8b3e59631886f14a6ce5dda2ec37648bb4b63d7ab13f3449be68c3d.min.js:0
[    3961ms] [LOG] Ad Slots:  {active: Array(1), adSlots: Array(3)} @ https://edition.cnn.com/media/sites/js/bundles/cnn-edition-adfuel-275d6f33a8b3e59631886f14a6ce5dda2ec37648bb4b63d7ab13f3449be68c3d.min.js:0
[    4479ms] [ERROR] Attestation check for Protected Audience on https://a.teads.tv failed. @ https://edition.cnn.com/:0
[    4480ms] [ERROR] Attestation check for Protected Audience on https://fastlane.rubiconproject.com failed. @ https://edition.cnn.com/:0
[    4480ms] [ERROR] Attestation check for Protected Audience on https://direct.adsrvr.org failed. @ https://edition.cnn.com/:0
[    4480ms] [ERROR] Attestation check for Protected Audience on https://htlb.casalemedia.com failed. @ https://edition.cnn.com/:0
[    4480ms] [ERROR] Attestation check for Protected Audience on https://btlr.sharethrough.com failed. @ https://edition.cnn.com/:0
[    4480ms] [ERROR] Attestation check for Protected Audience on https://btlr.sharethrough.com failed. @ https://edition.cnn.com/:0
[    4480ms] [ERROR] Attestation check for Protected Audience on https://g2.gumgum.com failed. @ https://edition.cnn.com/:0
[    4480ms] [ERROR] Attestation check for Protected Audience on https://grid-bidder.criteo.com failed. @ https://edition.cnn.com/:0
[    4480ms] [ERROR] Attestation check for Protected Audience on https://ib.adnxs.com failed. @ https://edition.cnn.com/:0
[    4481ms] [ERROR] Attestation check for Protected Audience on https://elb.the-ozone-project.com failed. @ https://edition.cnn.com/:0
[    4495ms] [ERROR] Attestation check for Protected Audience on https://fastlane.rubiconproject.com failed. @ https://edition.cnn.com/:0
[    4495ms] [ERROR] Attestation check for Protected Audience on https://ib.adnxs.com failed. @ https://edition.cnn.com/:0
[    4495ms] [ERROR] Attestation check for Protected Audience on https://htlb.casalemedia.com failed. @ https://edition.cnn.com/:0
[    4495ms] [ERROR] Attestation check for Protected Audience on https://a.teads.tv failed. @ https://edition.cnn.com/:0
[    4495ms] [ERROR] Attestation check for Protected Audience on https://direct.adsrvr.org failed. @ https://edition.cnn.com/:0
[    4495ms] [ERROR] Attestation check for Protected Audience on https://btlr.sharethrough.com failed. @ https://edition.cnn.com/:0
[    4495ms] [ERROR] Attestation check for Protected Audience on https://btlr.sharethrough.com failed. @ https://edition.cnn.com/:0
[    4495ms] [ERROR] Attestation check for Protected Audience on https://grid-bidder.criteo.com failed. @ https://edition.cnn.com/:0
[    4495ms] [ERROR] Attestation check for Protected Audience on https://elb.the-ozone-project.com failed. @ https://edition.cnn.com/:0
[    4496ms] [ERROR] Attestation check for Protected Audience on https://hbopenbid.pubmatic.com failed. @ https://edition.cnn.com/:0
[    4497ms] [ERROR] Attestation check for Protected Audience on https://hbopenbid.pubmatic.com failed. @ https://edition.cnn.com/:0
[    5729ms] [ERROR] Attestation check for Protected Audience on https://htlb.casalemedia.com failed. @ https://edition.cnn.com/:0
[    5729ms] [ERROR] Attestation check for Protected Audience on https://direct.adsrvr.org failed. @ https://edition.cnn.com/:0
[    5729ms] [ERROR] Attestation check for Protected Audience on https://elb.the-ozone-project.com failed. @ https://edition.cnn.com/:0
[    5729ms] [ERROR] Attestation check for Protected Audience on https://btlr.sharethrough.com failed. @ https://edition.cnn.com/:0
[    5729ms] [ERROR] Attestation check for Protected Audience on https://grid-bidder.criteo.com failed. @ https://edition.cnn.com/:0
[    5729ms] [ERROR] Attestation check for Protected Audience on https://g2.gumgum.com failed. @ https://edition.cnn.com/:0
[    5729ms] [ERROR] Attestation check for Protected Audience on https://a.teads.tv failed. @ https://edition.cnn.com/:0
[    5729ms] [ERROR] Attestation check for Protected Audience on https://fastlane.rubiconproject.com failed. @ https://edition.cnn.com/:0
[    5729ms] [ERROR] Attestation check for Protected Audience on https://ib.adnxs.com failed. @ https://edition.cnn.com/:0
[    5731ms] [ERROR] Attestation check for Protected Audience on https://hbopenbid.pubmatic.com failed. @ https://edition.cnn.com/:0
[    5949ms] [LOG] CEP Topic Collection:  [Object, Object, Object] @ https://edition.cnn.com/media/sites/js/bundles/cnn-edition-adfuel-275d6f33a8b3e59631886f14a6ce5dda2ec37648bb4b63d7ab13f3449be68c3d.min.js:0
[    7161ms] [ERROR] Failed to load resource: the server responded with a status of 410 (Gone) @ https://ads.stickyadstv.com/user-matching?id=185&_fw_gdpr=0&_fw_gdpr_consent=:0
[    7275ms] [ERROR] Failed to load resource: the server responded with a status of 410 (Gone) @ https://ads.stickyadstv.com/auto-user-sync:0
[    7945ms] [LOG] 🔄 Fetching SVG from: https://www.cnn.com/interactive/uploads/20260209-mission-map-02-01.svg @ https://ix.cnn.io/dailygraphics/graphics/20260330-artemis-ii-mission-hp/assets/main-BzAY5cfO.js:0
[    8307ms] [LOG] AdFuelError event fired: CustomEvent @ https://cadmus.script.ac/d2uap9jskdzp2/script.js:0
[    8307ms] [ERROR] The promise timed out. @ https://edition.cnn.com/media/sites/js/bundles/cnn-edition-adfuel-275d6f33a8b3e59631886f14a6ce5dda2ec37648bb4b63d7ab13f3449be68c3d.min.js:0
[    8916ms] [ERROR] Attestation check for Shared Storage on https://www.googleadservices.com failed. @ https://www.googleadservices.com/pagead/managed/js/activeview/current/reach_worklet.html:0
[   12209ms] [INFO] Powered by AMP ⚡ HTML – Version 2603032146000 https://edition.cnn.com/ @ https://cdn.ampproject.org/rtv/012603032146000/amp4ads-v0.mjs:1
[   12219ms] [INFO] Powered by AMP ⚡ HTML – Version 2603032146000 https://edition.cnn.com/ @ https://cdn.ampproject.org/rtv/012603032146000/amp4ads-v0.mjs:1
[   12994ms] [LOG] [PTK] cookies  @ https://lightning.warnermediacdn.com/cdp/psmtk/getcdpid.html:37
[   12995ms] [LOG] [PTK] cdpId 372f1b66-694a-4366-864e-6ff5ddc5a8b2 @ https://lightning.warnermediacdn.com/cdp/psmtk/getcdpid.html:40
[   12995ms] [LOG] [PTK] setting cookie in iFrame @ https://lightning.warnermediacdn.com/cdp/psmtk/getcdpid.html:41
[   12995ms] [LOG] [PTK] setting CDPID to 372f1b66-694a-4366-864e-6ff5ddc5a8b2 on domain warnermediacdn.com @ https://lightning.warnermediacdn.com/cdp/psmtk/getcdpid.html:15
[   12995ms] [LOG] [PTK] expires Sat, 05 Apr 2036 07:45:09 GMT @ https://lightning.warnermediacdn.com/cdp/psmtk/getcdpid.html:17
[   13133ms] [WARNING] This ad's html cannot be accessed using the getHtml method on googletag.Slot. Returning the empty string instead. @ https://securepubads.g.doubleclick.net/pagead/managed/js/gpt/m202604020101/pubads_impl.js:18
[   13133ms] [WARNING] This ad's html cannot be accessed using the getHtml method on googletag.Slot. Returning the empty string instead. @ https://securepubads.g.doubleclick.net/pagead/managed/js/gpt/m202604020101/pubads_impl.js:18
[   13351ms] [TIMEEND] a: 0.003173828125 ms @ https://static.adsafeprotected.com/sca.17.6.4.js:31
[   13557ms] [WARNING] [GPT] Using deprecated googletag.encryptedSignalProviders. Please use googletag.secureSignalProviders instead.
https://goo.gle/gpt-message#155 @ https://securepubads.g.doubleclick.net/pagead/managed/js/gpt/m202604020101/pubads_impl.js:18
[   13805ms] [LOG] {adSessionID: c90384c0-7027-47dd-8d2e-6787420bfca4, advertisingIdentifier: null, appSessionId: c90384c0-7027-47dd-8d2e-6787420bfca4, applicationIdentifier: edition.cnn.com, applicationName: cnn} @ https://cadmus.script.ac/d2uap9jskdzp2/script.js:0
[   17403ms] [LOG] ✅ SVG element found: svg JSHandle@node @ https://ix.cnn.io/dailygraphics/graphics/20260330-artemis-ii-mission-hp/assets/main-BzAY5cfO.js:0
[   17403ms] [LOG] 🗑️ Background group removed @ https://ix.cnn.io/dailygraphics/graphics/20260330-artemis-ii-mission-hp/assets/main-BzAY5cfO.js:0
[   17403ms] [LOG] ✅ SVG injected successfully @ https://ix.cnn.io/dailygraphics/graphics/20260330-artemis-ii-mission-hp/assets/main-BzAY5cfO.js:0
[   17404ms] [LOG] ✅ Loaded missionPath1: 857.7 units, loop duration: 21.44s, speed: 40 @ https://ix.cnn.io/dailygraphics/graphics/20260330-artemis-ii-mission-hp/assets/main-BzAY5cfO.js:0
[   17404ms] [LOG] ✅ Loaded missionPath2: 344.5 units, loop duration: 8.61s, speed: 40 @ https://ix.cnn.io/dailygraphics/graphics/20260330-artemis-ii-mission-hp/assets/main-BzAY5cfO.js:0
[   17404ms] [LOG] ✅ Loaded missionPath3: 292.0 units, loop duration: 7.30s, speed: 40 @ https://ix.cnn.io/dailygraphics/graphics/20260330-artemis-ii-mission-hp/assets/main-BzAY5cfO.js:0
[   17404ms] [LOG] ✅ Loaded missionPath4: 442.8 units, loop duration: 11.07s, speed: 40 @ https://ix.cnn.io/dailygraphics/graphics/20260330-artemis-ii-mission-hp/assets/main-BzAY5cfO.js:0
[   17404ms] [LOG] 📹 Initial ViewBox set to: -5 5 280 160 (mobile) @ https://ix.cnn.io/dailygraphics/graphics/20260330-artemis-ii-mission-hp/assets/main-BzAY5cfO.js:0
[   17404ms] [LOG] ✅ All path segments loaded: [missionPath1, missionPath2, missionPath3, missionPath4] @ https://ix.cnn.io/dailygraphics/graphics/20260330-artemis-ii-mission-hp/assets/main-BzAY5cfO.js:0
[   17404ms] [LOG] ✅ Created Earth label at (99.0, 30.0) @ https://ix.cnn.io/dailygraphics/graphics/20260330-artemis-ii-mission-hp/assets/main-BzAY5cfO.js:0
[   17404ms] [LOG] ✅ Created Moon label at (534.0, 52.0) @ https://ix.cnn.io/dailygraphics/graphics/20260330-artemis-ii-mission-hp/assets/main-BzAY5cfO.js:0
[   17405ms] [LOG] 🔵 Creating circle indicator... @ https://ix.cnn.io/dailygraphics/graphics/20260330-artemis-ii-mission-hp/assets/main-BzAY5cfO.js:0
[   17405ms] [LOG] ✅ Circle indicator and text created @ https://ix.cnn.io/dailygraphics/graphics/20260330-artemis-ii-mission-hp/assets/main-BzAY5cfO.js:0
[   17405ms] [LOG] Animation running! elapsedSeconds: 518400 pathCache: [missionPath1, missionPath2, missionPath3, missionPath4] @ https://ix.cnn.io/dailygraphics/graphics/20260330-artemis-ii-mission-hp/assets/main-BzAY5cfO.js:0
[   17406ms] [LOG] 📹 ViewBox changed to: 0 -30 610 400 for missionPath4 (mobile) @ https://ix.cnn.io/dailygraphics/graphics/20260330-artemis-ii-mission-hp/assets/main-BzAY5cfO.js:0
[   17506ms] [LOG] 📐 Pym height sent after SVG load @ https://ix.cnn.io/dailygraphics/graphics/20260330-artemis-ii-mission-hp/assets/main-BzAY5cfO.js:0
[   18294ms] [LOG] [BL]  [raiseEvent] OnInit{"elementUrl":"https://edition.cnn.com/"} @ https://cadmus.script.ac/d2uap9jskdzp2/script.js:0
[   18294ms] [LOG] [BL]  [raiseEvent] OnManifestLoadedundefined @ https://cadmus.script.ac/d2uap9jskdzp2/script.js:0
[   19026ms] [WARNING] It is recommended that a robustness level be specified. Not specifying the robustness level could result in unexpected behavior. @ https://registry.api.cnn.io/bundles/fave/boltPlayer-b296f72a/boltPlayer:0
[   23170ms] [WARNING] Failed to execute 'postMessage' on 'DOMWindow': The target origin provided ('https://tpc.googlesyndication.com') does not match the recipient window's origin ('https://edition.cnn.com'). @ https://registry.api.cnn.io/bundles/fave/boltPlayer-b296f72a/boltPlayer:0
[   23469ms] [ERROR] Player | Player received error, stopping playback session: 07897bf4-2083-49c0-a63b-c4278dea6532 code:1K-0043 message: NoKeySystemAvailable: No key system available on device undefined @ https://registry.api.cnn.io/bundles/fave/boltPlayer-b296f72a/boltPlayer:1344
[   33650ms] [ERROR] Failed to load resource: the server responded with a status of 400 (Bad Request) @ https://cpm.vistarsagency.com/user-sync?zone=297502&t=image&r=https%3A%2F%2Fprebid.admatic.de%2Fsetuid%3Fbidder%3Dvistar%26gdpr%3D%26gdpr_consent%3D%26f%3Di%26uid%3D%7BUID%7D:0
[   33650ms] [ERROR] Failed to load resource: the server responded with a status of 400 (Bad Request) @ https://cpm.vistarsagency.com/user-sync?zone=297502&t=image&r=https%3A%2F%2Fprebid.admatic.de%2Fsetuid%3Fbidder%3Dvistar%26gdpr%3D%26gdpr_consent%3D%26f%3Di%26uid%3D%7BUID%7D:0
[   34887ms] [ERROR] Failed to load resource: the server responded with a status of 404 (Not Found) @ https://us.shb-sync.com/bf2debb3-8b3f-11ed-9a3c-0cc47a787f5e.gif?redir=https%3A%2F%2Fs.ad.smaato.net%2Fc%2F%3FdspId%3D1170%26dspCookie%3D%24UID%26gdpr%3D0%26gdpr_consent%3D&gdpr=0&gdpr_consent=:0
[  100653ms] [LOG] Forcing PubMatic:   @ https://cadmus.script.ac/d2uap9jskdzp2/script.js:0
[  100662ms] [WARNING] [GSI_LOGGER]: Your client application uses one of the Google One Tap prompt UI status methods that may stop functioning when FedCM becomes mandatory. Refer to the migration guide to update your code accordingly and opt-in to FedCM to test your changes. Learn more: https://developers.google.com/identity/gsi/web/guides/fedcm-migration?s=dc#display_moment and https://developers.google.com/identity/gsi/web/guides/fedcm-migration?s=dc#skipped_moment @ https://accounts.google.com/gsi/client:80
[  100676ms] [ERROR] Not signed in with the identity provider. @ https://edition.cnn.com/:0
[  101633ms] [ERROR] Refused to execute script from 'https://idsync.rlcdn.com/362358.gif?google_gid=CAESEFMT4DhFDqDTqNYsak5i808&google_cver=1' because its MIME type ('image/gif') is not executable. @ https://edition.cnn.com/:0
[  101709ms] [ERROR] [GSI_LOGGER]: FedCM get() rejects with NetworkError: Error retrieving a token. @ https://accounts.google.com/gsi/client:81
